<?xml version="1.0" encoding="utf-8"?><testsuites name="pytest tests"><testsuite name="pytest" errors="0" failures="0" skipped="0" tests="12" time="5.398" timestamp="2026-08-18T22:32:04.860712+00:00" hostname="agent-env-b11a7460-dadf-4672-8b54-9c3cd7b6f18b"><testcase classname="tests.test_iteration7.TestGlobalLeaderboardFilters" name="test_no_filter_has_completed" time="0.908" /><testcase classname="tests.test_iteration7.TestExportLeaderboard" name="test_admin_export_no_filter" time="1.616" /><testcase classname="tests.test_iteration7.TestGlobalLeaderboardFilters" name="test_far_past_date_range_zero" time="0.166" /><testcase classname="tests.test_iteration7.TestGlobalLeaderboardFilters" name="test_category_filter_applied" time="0.843" /><testcase classname="tests.test_iteration7.TestExportLeaderboard" name="test_admin_export_with_filters" time="0.422" /><testcase classname="tests.test_iteration7.TestGlobalLeaderboardFilters" name="test_guru_can_access" time="0.865" /><testcase classname="tests.test_iteration7.TestExportLeaderboard" name="test_guru_can_export" time="0.866" /><testcase classname="tests.test_iteration7.TestGlobalLeaderboardFilters" name="test_siswa_can_access_global" time="0.816" /><testcase classname="tests.test_iteration7.TestExportLeaderboard" name="test_siswa_forbidden" time="0.885" /><testcase classname="tests.test_iteration7.TestRegression" name="test_class_leaderboard" time="0.380" /><testcase classname="tests.test_iteration7.TestExportLeaderboard" name="test_xlsx_content_structure" time="0.560" /><testcase classname="tests.test_iteration7.TestRegression" name="test_student_leaderboard_me" time="0.186" /></testsuite></testsuites>