<?xml version="1.0" encoding="utf-8"?><testsuites name="pytest tests"><testsuite name="pytest" errors="0" failures="0" skipped="0" tests="11" time="10.466" timestamp="2026-08-18T22:01:31.210230+00:00" hostname="agent-env-b11a7460-dadf-4672-8b54-9c3cd7b6f18b"><testcase classname="tests.test_iteration5.TestLeaderboardClass" name="test_admin_lists_classes_and_gets_leaderboard" time="1.114" /><testcase classname="tests.test_iteration5.TestDifficultyThreshold" name="test_get_default_or_current" time="1.121" /><testcase classname="tests.test_iteration5.TestLeaderboardClass" name="test_guru_allowed" time="1.061" /><testcase classname="tests.test_iteration5.TestDifficultyThreshold" name="test_siswa_forbidden" time="1.601" /><testcase classname="tests.test_iteration5.TestLeaderboardClass" name="test_siswa_forbidden_on_class_leaderboard" time="0.968" /><testcase classname="tests.test_iteration5.TestDifficultyThreshold" name="test_put_valid_and_invalid" time="0.628" /><testcase classname="tests.test_iteration5.TestLeaderboardClass" name="test_leaderboard_me_for_siswa" time="0.201" /><testcase classname="tests.test_iteration5.TestLeaderboardClass" name="test_admin_forbidden_on_leaderboard_me" time="0.185" /><testcase classname="tests.test_iteration5.TestDifficultyThreshold" name="test_thresholds_relabel_analytics" time="4.260" /><testcase classname="tests.test_iteration5.TestRegression" name="test_all_three_roles_login" time="1.457" /><testcase classname="tests.test_iteration5.TestRegression" name="test_finalize_reset_defaults" time="0.294" /></testsuite></testsuites>