<?xml version="1.0" encoding="utf-8"?><testsuites name="pytest tests"><testsuite name="pytest" errors="0" failures="0" skipped="0" tests="16" time="6.721" timestamp="2026-08-18T22:37:20.403836+00:00" hostname="agent-env-b11a7460-dadf-4672-8b54-9c3cd7b6f18b"><testcase classname="tests.test_iteration8.TestRegression" name="test_login_admin" time="0.985" /><testcase classname="tests.test_iteration8.TestAnalyticsSubjects" name="test_admin_shape" time="1.045" /><testcase classname="tests.test_iteration8.TestRegression" name="test_login_guru" time="0.535" /><testcase classname="tests.test_iteration8.TestRegression" name="test_login_siswa" time="0.634" /><testcase classname="tests.test_iteration8.TestAnalyticsSubjects" name="test_guru_can_access" time="1.130" /><testcase classname="tests.test_iteration8.TestRegression" name="test_global_leaderboard_still_works" time="0.790" /><testcase classname="tests.test_iteration8.TestAnalyticsSubjects" name="test_siswa_forbidden" time="0.927" /><testcase classname="tests.test_iteration8.TestRegression" name="test_export_xlsx_still_works" time="0.280" /><testcase classname="tests.test_iteration8.TestAnalyticsSubjects" name="test_zero_attempts_category_is_zero" time="0.173" /><testcase classname="tests.test_iteration8.TestRegression" name="test_class_leaderboard_still_works" time="0.375" /><testcase classname="tests.test_iteration8.TestAnalyticsSubjects" name="test_uncategorized_umum_only_if_attempts" time="0.211" /><testcase classname="tests.test_iteration8.TestAnalyticsSubjects" name="test_known_values" time="0.155" /><testcase classname="tests.test_iteration8.TestStudentLeaderboardCategoryFilter" name="test_me_no_filter" time="0.708" /><testcase classname="tests.test_iteration8.TestStudentLeaderboardCategoryFilter" name="test_me_with_category_recomputes" time="0.489" /><testcase classname="tests.test_iteration8.TestStudentLeaderboardCategoryFilter" name="test_me_bogus_category_all_zero" time="0.161" /><testcase classname="tests.test_iteration8.TestStudentLeaderboardCategoryFilter" name="test_non_siswa_forbidden" time="0.769" /></testsuite></testsuites>