<?xml version="1.0" encoding="utf-8"?><testsuites name="pytest tests"><testsuite name="pytest" errors="0" failures="0" skipped="0" tests="20" time="8.196" timestamp="2026-08-18T15:19:43.502218+00:00" hostname="agent-env-b11a7460-dadf-4672-8b54-9c3cd7b6f18b"><testcase classname="tests.test_cbt_api.TestAuth" name="test_admin_login" time="0.533" /><testcase classname="tests.test_cbt_api.TestAuth" name="test_guru_login" time="0.541" /><testcase classname="tests.test_cbt_api.TestContent" name="test_categories_list" time="1.090" /><testcase classname="tests.test_cbt_api.TestAuth" name="test_siswa_login" time="0.397" /><testcase classname="tests.test_cbt_api.TestAuth" name="test_wrong_password" time="0.538" /><testcase classname="tests.test_cbt_api.TestContent" name="test_questions_list" time="0.905" /><testcase classname="tests.test_cbt_api.TestAuth" name="test_me" time="0.680" /><testcase classname="tests.test_cbt_api.TestContent" name="test_siswa_cannot_list_questions" time="0.818" /><testcase classname="tests.test_cbt_api.TestAuth" name="test_me_no_token" time="0.131" /><testcase classname="tests.test_cbt_api.TestContent" name="test_packages_list" time="0.145" /><testcase classname="tests.test_cbt_api.TestUsers" name="test_list_users_admin" time="0.202" /><testcase classname="tests.test_cbt_api.TestContent" name="test_sessions_list" time="0.177" /><testcase classname="tests.test_cbt_api.TestUsers" name="test_list_users_role_filter" time="0.154" /><testcase classname="tests.test_cbt_api.TestContent" name="test_create_delete_category" time="0.452" /><testcase classname="tests.test_cbt_api.TestDashboard" name="test_stats" time="0.148" /><testcase classname="tests.test_cbt_api.TestUsers" name="test_guru_cannot_create_user" time="0.596" /><testcase classname="tests.test_cbt_api.TestDashboard" name="test_stats_forbidden_siswa" time="0.438" /><testcase classname="tests.test_cbt_api.TestUsers" name="test_crud_user" time="0.789" /><testcase classname="tests.test_cbt_api.TestExamFlow" name="test_start_exam_seeded" time="0.803" /><testcase classname="tests.test_cbt_api.TestExamFlow" name="test_full_flow_new_student" time="2.246" /></testsuite></testsuites>